==============================================================================
Testsuites                                                                    
==============================================================================
Testsuites.Synchronization                                                    
==============================================================================
STC001                                                                {'Message': 'Hàng hóa ?ã ???c t?o thành công', 'Data': [{'IdOld': 0, 'CrudGuid': '00000000000000000000000000000000', 'CategoryOld': 0, 'Id': 13306619, 'Code': 'MYK56559c', 'Name': 'Test thêm m?i', 'CategoryId': 69752, 'AllowsSale': True, 'BasePrice': 135000, 'Tax': 0, 'RetailerId': 737280, 'isActive': True, 'CreatedDate': '2021-06-09T15:11:19.1928946+07:00', 'ProductType': 2, 'HasVariants': False, 'Unit': '', 'ConversionValue': 1, 'OrderTemplate': '', 'FullName': 'Test thêm m?i', 'IsLotSerialControl': False, 'IsRewardPoint': False, 'isDeleted': False, 'MasterCode': 'SPC001411', 'Revision': 'AAAAABxWdY0=', 'Formula': [], 'ProductImages': [], 'PurchaseReturnDetails': [], 'ProductChild': [], 'ProductAttributes': [], 'ProductChildUnit': [], 'PriceBookDetails': [], 'ProductBranches': [], 'TableAndRooms': [], 'Manufacturings': [], 'ManufacturingDetails': [], 'DamageDetails': [], 'ProductSerials': [], 'ProductFormulaHistories': [], 'OrderSupplierDetails': [], 'ProductShelves': [], 'PrescriptionDetails': [], 'SamplePrescriptionDetails': []}]}
| PASS |
------------------------------------------------------------------------------
STC002                                                                | PASS |
------------------------------------------------------------------------------
STC003                                                                {'Message': 'C?p nh?t d? li?u thành công', 'successItems': 1, 'totalItems': 1, 'PriceBookDependency': {'PriceBookId': 0, 'RetailerId': 0, 'ParentId': 0, 'IsAuto': False}, 'TimeWait': 0}
{'Message': 'C?p nh?t d? li?u thành công', 'successItems': 1, 'totalItems': 1, 'PriceBookDependency': {'PriceBookId': 0, 'RetailerId': 0, 'ParentId': 0, 'IsAuto': False}, 'TimeWait': 0}
| PASS |
------------------------------------------------------------------------------
STC004                                                                {'Message': 'C?p nh?t d? li?u thành công', 'TimeWait': 0}
| PASS |
------------------------------------------------------------------------------
Testsuites.Synchronization                                            | PASS |
4 critical tests, 4 passed, 0 failed
4 tests total, 4 passed, 0 failed
==============================================================================
Testsuites                                                            | PASS |
4 critical tests, 4 passed, 0 failed
4 tests total, 4 passed, 0 failed
==============================================================================
Output:  E:\Robot Framework\Mykiot_Git\Mykiot\pabot_results\0\output.xml
