C:\Users\Phuong-test1\Python\lib\site-packages\requests\__init__.py:91: RequestsDependencyWarning: urllib3 (1.25.8) or chardet (3.0.4) doesn't match a supported version!
  RequestsDependencyWarning)
[ ERROR ] Error in file 'E:\Robot Framework\Mykiot_Git\Mykiot\Core\API-KV\api_hanghoa_kv.robot': Resource file 'E:\Robot Framework\Mykiot_Git\Mykiot\Core\API\api_access.robot' contains a test case table which is not allowed.
[ ERROR ] Error in file 'E:\Robot Framework\Mykiot_Git\Mykiot\Core\API-KV\api_hoadon.robot': Resource file 'E:\Robot Framework\Mykiot_Git\Mykiot\Core\API\api_access.robot' contains a test case table which is not allowed.
C:\Users\Phuong-test1\Python\lib\site-packages\urllib3\connectionpool.py:1004: InsecureRequestWarning: Unverified HTTPS request is being made to host 'testautomykiot.kiotviet.com'. Adding certificate verification is strongly advised. See: https://urllib3.readthedocs.io/en/latest/advanced-usage.html#ssl-warnings
  InsecureRequestWarning,
C:\Users\Phuong-test1\Python\lib\site-packages\urllib3\connectionpool.py:1004: InsecureRequestWarning: Unverified HTTPS request is being made to host 'testautomykiot.kiotviet.com'. Adding certificate verification is strongly advised. See: https://urllib3.readthedocs.io/en/latest/advanced-usage.html#ssl-warnings
  InsecureRequestWarning,
C:\Users\Phuong-test1\Python\lib\site-packages\urllib3\connectionpool.py:1004: InsecureRequestWarning: Unverified HTTPS request is being made to host 'testautomykiot.kiotviet.com'. Adding certificate verification is strongly advised. See: https://urllib3.readthedocs.io/en/latest/advanced-usage.html#ssl-warnings
  InsecureRequestWarning,
C:\Users\Phuong-test1\Python\lib\site-packages\urllib3\connectionpool.py:1004: InsecureRequestWarning: Unverified HTTPS request is being made to host 'testautomykiot.kiotviet.com'. Adding certificate verification is strongly advised. See: https://urllib3.readthedocs.io/en/latest/advanced-usage.html#ssl-warnings
  InsecureRequestWarning,
C:\Users\Phuong-test1\Python\lib\site-packages\urllib3\connectionpool.py:1004: InsecureRequestWarning: Unverified HTTPS request is being made to host 'testautomykiot.kiotviet.com'. Adding certificate verification is strongly advised. See: https://urllib3.readthedocs.io/en/latest/advanced-usage.html#ssl-warnings
  InsecureRequestWarning,
C:\Users\Phuong-test1\Python\lib\site-packages\urllib3\connectionpool.py:1004: InsecureRequestWarning: Unverified HTTPS request is being made to host 'testautomykiot.kiotviet.com'. Adding certificate verification is strongly advised. See: https://urllib3.readthedocs.io/en/latest/advanced-usage.html#ssl-warnings
  InsecureRequestWarning,
C:\Users\Phuong-test1\Python\lib\site-packages\urllib3\connectionpool.py:1004: InsecureRequestWarning: Unverified HTTPS request is being made to host 'testautomykiot.kiotviet.com'. Adding certificate verification is strongly advised. See: https://urllib3.readthedocs.io/en/latest/advanced-usage.html#ssl-warnings
  InsecureRequestWarning,
C:\Users\Phuong-test1\Python\lib\site-packages\urllib3\connectionpool.py:1004: InsecureRequestWarning: Unverified HTTPS request is being made to host 'testautomykiot.kiotviet.com'. Adding certificate verification is strongly advised. See: https://urllib3.readthedocs.io/en/latest/advanced-usage.html#ssl-warnings
  InsecureRequestWarning,
C:\Users\Phuong-test1\Python\lib\site-packages\urllib3\connectionpool.py:1004: InsecureRequestWarning: Unverified HTTPS request is being made to host 'testautomykiot.kiotviet.com'. Adding certificate verification is strongly advised. See: https://urllib3.readthedocs.io/en/latest/advanced-usage.html#ssl-warnings
  InsecureRequestWarning,
C:\Users\Phuong-test1\Python\lib\site-packages\urllib3\connectionpool.py:1004: InsecureRequestWarning: Unverified HTTPS request is being made to host 'testautomykiot.kiotviet.com'. Adding certificate verification is strongly advised. See: https://urllib3.readthedocs.io/en/latest/advanced-usage.html#ssl-warnings
  InsecureRequestWarning,
C:\Users\Phuong-test1\Python\lib\site-packages\urllib3\connectionpool.py:1004: InsecureRequestWarning: Unverified HTTPS request is being made to host 'testautomykiot.kiotviet.com'. Adding certificate verification is strongly advised. See: https://urllib3.readthedocs.io/en/latest/advanced-usage.html#ssl-warnings
  InsecureRequestWarning,
C:\Users\Phuong-test1\Python\lib\site-packages\urllib3\connectionpool.py:1004: InsecureRequestWarning: Unverified HTTPS request is being made to host 'testautomykiot.kiotviet.com'. Adding certificate verification is strongly advised. See: https://urllib3.readthedocs.io/en/latest/advanced-usage.html#ssl-warnings
  InsecureRequestWarning,
C:\Users\Phuong-test1\Python\lib\site-packages\urllib3\connectionpool.py:1004: InsecureRequestWarning: Unverified HTTPS request is being made to host 'testautomykiot.kiotviet.com'. Adding certificate verification is strongly advised. See: https://urllib3.readthedocs.io/en/latest/advanced-usage.html#ssl-warnings
  InsecureRequestWarning,
C:\Users\Phuong-test1\Python\lib\site-packages\urllib3\connectionpool.py:1004: InsecureRequestWarning: Unverified HTTPS request is being made to host 'testautomykiot.kiotviet.com'. Adding certificate verification is strongly advised. See: https://urllib3.readthedocs.io/en/latest/advanced-usage.html#ssl-warnings
  InsecureRequestWarning,
C:\Users\Phuong-test1\Python\lib\site-packages\urllib3\connectionpool.py:1004: InsecureRequestWarning: Unverified HTTPS request is being made to host 'testautomykiot.kiotviet.com'. Adding certificate verification is strongly advised. See: https://urllib3.readthedocs.io/en/latest/advanced-usage.html#ssl-warnings
  InsecureRequestWarning,
C:\Users\Phuong-test1\Python\lib\site-packages\urllib3\connectionpool.py:1004: InsecureRequestWarning: Unverified HTTPS request is being made to host 'testautomykiot.kiotviet.com'. Adding certificate verification is strongly advised. See: https://urllib3.readthedocs.io/en/latest/advanced-usage.html#ssl-warnings
  InsecureRequestWarning,
C:\Users\Phuong-test1\Python\lib\site-packages\urllib3\connectionpool.py:1004: InsecureRequestWarning: Unverified HTTPS request is being made to host 'testautomykiot.kiotviet.com'. Adding certificate verification is strongly advised. See: https://urllib3.readthedocs.io/en/latest/advanced-usage.html#ssl-warnings
  InsecureRequestWarning,
C:\Users\Phuong-test1\Python\lib\site-packages\urllib3\connectionpool.py:1004: InsecureRequestWarning: Unverified HTTPS request is being made to host 'testautomykiot.kiotviet.com'. Adding certificate verification is strongly advised. See: https://urllib3.readthedocs.io/en/latest/advanced-usage.html#ssl-warnings
  InsecureRequestWarning,
C:\Users\Phuong-test1\Python\lib\site-packages\urllib3\connectionpool.py:1004: InsecureRequestWarning: Unverified HTTPS request is being made to host 'testautomykiot.kiotviet.com'. Adding certificate verification is strongly advised. See: https://urllib3.readthedocs.io/en/latest/advanced-usage.html#ssl-warnings
  InsecureRequestWarning,
C:\Users\Phuong-test1\Python\lib\site-packages\urllib3\connectionpool.py:1004: InsecureRequestWarning: Unverified HTTPS request is being made to host 'testautomykiot.kiotviet.com'. Adding certificate verification is strongly advised. See: https://urllib3.readthedocs.io/en/latest/advanced-usage.html#ssl-warnings
  InsecureRequestWarning,
C:\Users\Phuong-test1\Python\lib\site-packages\urllib3\connectionpool.py:1004: InsecureRequestWarning: Unverified HTTPS request is being made to host 'testautomykiot.kiotviet.com'. Adding certificate verification is strongly advised. See: https://urllib3.readthedocs.io/en/latest/advanced-usage.html#ssl-warnings
  InsecureRequestWarning,
C:\Users\Phuong-test1\Python\lib\site-packages\urllib3\connectionpool.py:1004: InsecureRequestWarning: Unverified HTTPS request is being made to host 'testautomykiot.kiotviet.com'. Adding certificate verification is strongly advised. See: https://urllib3.readthedocs.io/en/latest/advanced-usage.html#ssl-warnings
  InsecureRequestWarning,
C:\Users\Phuong-test1\Python\lib\site-packages\urllib3\connectionpool.py:1004: InsecureRequestWarning: Unverified HTTPS request is being made to host 'testautomykiot.kiotviet.com'. Adding certificate verification is strongly advised. See: https://urllib3.readthedocs.io/en/latest/advanced-usage.html#ssl-warnings
  InsecureRequestWarning,
C:\Users\Phuong-test1\Python\lib\site-packages\urllib3\connectionpool.py:1004: InsecureRequestWarning: Unverified HTTPS request is being made to host 'testautomykiot.kiotviet.com'. Adding certificate verification is strongly advised. See: https://urllib3.readthedocs.io/en/latest/advanced-usage.html#ssl-warnings
  InsecureRequestWarning,
C:\Users\Phuong-test1\Python\lib\site-packages\urllib3\connectionpool.py:1004: InsecureRequestWarning: Unverified HTTPS request is being made to host 'testautomykiot.kiotviet.com'. Adding certificate verification is strongly advised. See: https://urllib3.readthedocs.io/en/latest/advanced-usage.html#ssl-warnings
  InsecureRequestWarning,
C:\Users\Phuong-test1\Python\lib\site-packages\urllib3\connectionpool.py:1004: InsecureRequestWarning: Unverified HTTPS request is being made to host 'testautomykiot.kiotviet.com'. Adding certificate verification is strongly advised. See: https://urllib3.readthedocs.io/en/latest/advanced-usage.html#ssl-warnings
  InsecureRequestWarning,
C:\Users\Phuong-test1\Python\lib\site-packages\urllib3\connectionpool.py:1004: InsecureRequestWarning: Unverified HTTPS request is being made to host 'testautomykiot.kiotviet.com'. Adding certificate verification is strongly advised. See: https://urllib3.readthedocs.io/en/latest/advanced-usage.html#ssl-warnings
  InsecureRequestWarning,
C:\Users\Phuong-test1\Python\lib\site-packages\urllib3\connectionpool.py:1004: InsecureRequestWarning: Unverified HTTPS request is being made to host 'testautomykiot.kiotviet.com'. Adding certificate verification is strongly advised. See: https://urllib3.readthedocs.io/en/latest/advanced-usage.html#ssl-warnings
  InsecureRequestWarning,
C:\Users\Phuong-test1\Python\lib\site-packages\urllib3\connectionpool.py:1004: InsecureRequestWarning: Unverified HTTPS request is being made to host 'testautomykiot.kiotviet.com'. Adding certificate verification is strongly advised. See: https://urllib3.readthedocs.io/en/latest/advanced-usage.html#ssl-warnings
  InsecureRequestWarning,
[ ERROR ] Calling method '_close' of listener 'PabotLib' failed: RobotNotRunningError: Cannot access execution context
